TN:
SF:/Users/peterodekwo/Documents/fast-food-frontend/src/App.jsx
FN:8,(anonymous_0)
FNF:1
FNH:1
FNDA:1,(anonymous_0)
DA:9,1
LF:1
LH:1
BRF:0
BRH:0
end_of_record
TN:
SF:/Users/peterodekwo/Documents/fast-food-frontend/src/actions/cancelOrder.js
FN:5,(anonymous_0)
FN:9,(anonymous_1)
FN:14,(anonymous_2)
FN:14,(anonymous_3)
FN:16,(anonymous_4)
FN:20,(anonymous_5)
FNF:6
FNH:2
FNDA:0,(anonymous_0)
FNDA:0,(anonymous_1)
FNDA:3,(anonymous_2)
FNDA:3,(anonymous_3)
FNDA:0,(anonymous_4)
FNDA:0,(anonymous_5)
DA:5,2
DA:9,2
DA:14,3
DA:15,3
DA:17,0
DA:18,0
DA:21,0
LF:7
LH:4
BRF:0
BRH:0
end_of_record
TN:
SF:/Users/peterodekwo/Documents/fast-food-frontend/src/actions/getSingleMenu.js
FN:4,(anonymous_0)
FN:8,(anonymous_1)
FN:13,(anonymous_2)
FN:13,(anonymous_3)
FN:15,(anonymous_4)
FN:18,(anonymous_5)
FNF:6
FNH:2
FNDA:0,(anonymous_0)
FNDA:0,(anonymous_1)
FNDA:3,(anonymous_2)
FNDA:3,(anonymous_3)
FNDA:0,(anonymous_4)
FNDA:0,(anonymous_5)
DA:4,3
DA:8,3
DA:13,3
DA:14,3
DA:16,0
DA:19,0
LF:6
LH:4
BRF:0
BRH:0
end_of_record
TN:
SF:/Users/peterodekwo/Documents/fast-food-frontend/src/actions/menu.js
FN:4,(anonymous_0)
FN:8,(anonymous_1)
FN:13,(anonymous_2)
FN:13,(anonymous_3)
FN:15,(anonymous_4)
FN:18,(anonymous_5)
FNF:6
FNH:2
FNDA:0,(anonymous_0)
FNDA:0,(anonymous_1)
FNDA:1,(anonymous_2)
FNDA:1,(anonymous_3)
FNDA:0,(anonymous_4)
FNDA:0,(anonymous_5)
DA:4,3
DA:8,3
DA:13,3
DA:14,1
DA:16,0
DA:19,0
DA:21,0
LF:7
LH:4
BRF:0
BRH:0
end_of_record
TN:
SF:/Users/peterodekwo/Documents/fast-food-frontend/src/actions/placeOrder.js
FN:5,(anonymous_0)
FN:10,(anonymous_1)
FN:15,(anonymous_2)
FN:15,(anonymous_3)
FN:18,(anonymous_4)
FN:23,(anonymous_5)
FNF:6
FNH:6
FNDA:1,(anonymous_0)
FNDA:2,(anonymous_1)
FNDA:4,(anonymous_2)
FNDA:4,(anonymous_3)
FNDA:1,(anonymous_4)
FNDA:3,(anonymous_5)
DA:5,3
DA:10,3
DA:15,4
DA:16,4
DA:17,4
DA:19,1
DA:20,1
DA:21,1
DA:24,3
DA:25,2
DA:26,2
DA:27,2
LF:12
LH:12
BRDA:24,0,0,0
BRDA:24,0,1,2
BRDA:25,1,0,1
BRDA:25,1,1,1
BRF:4
BRH:3
end_of_record
TN:
SF:/Users/peterodekwo/Documents/fast-food-frontend/src/actions/types.js
FNF:0
FNH:0
DA:1,19
DA:2,19
DA:3,19
DA:4,19
DA:5,19
DA:6,19
DA:7,19
DA:8,19
DA:9,19
DA:10,19
DA:11,19
DA:12,19
DA:13,19
DA:14,19
DA:15,19
DA:16,19
LF:16
LH:16
BRF:0
BRH:0
end_of_record
TN:
SF:/Users/peterodekwo/Documents/fast-food-frontend/src/actions/viewOrderHistory.js
FN:4,(anonymous_0)
FN:8,(anonymous_1)
FN:13,(anonymous_2)
FN:13,(anonymous_3)
FN:16,(anonymous_4)
FN:19,(anonymous_5)
FNF:6
FNH:4
FNDA:0,(anonymous_0)
FNDA:0,(anonymous_1)
FNDA:3,(anonymous_2)
FNDA:3,(anonymous_3)
FNDA:1,(anonymous_4)
FNDA:1,(anonymous_5)
DA:4,2
DA:8,2
DA:13,3
DA:15,3
DA:17,1
DA:20,1
LF:6
LH:6
BRF:0
BRH:0
end_of_record
TN:
SF:/Users/peterodekwo/Documents/fast-food-frontend/src/actions/auth/logout.js
FN:4,(anonymous_0)
FN:8,(anonymous_1)
FN:8,(anonymous_2)
FNF:3
FNH:3
FNDA:1,(anonymous_0)
FNDA:1,(anonymous_1)
FNDA:1,(anonymous_2)
DA:4,4
DA:8,4
DA:9,1
DA:10,1
LF:4
LH:4
BRF:0
BRH:0
end_of_record
TN:
SF:/Users/peterodekwo/Documents/fast-food-frontend/src/actions/auth/signIn.js
FN:11,(anonymous_0)
FN:16,(anonymous_1)
FN:21,(anonymous_2)
FN:26,(anonymous_3)
FN:26,(anonymous_4)
FN:30,(anonymous_5)
FN:30,(anonymous_6)
FN:32,(anonymous_7)
FN:40,(anonymous_8)
FNF:9
FNH:2
FNDA:0,(anonymous_0)
FNDA:0,(anonymous_1)
FNDA:0,(anonymous_2)
FNDA:0,(anonymous_3)
FNDA:0,(anonymous_4)
FNDA:3,(anonymous_5)
FNDA:3,(anonymous_6)
FNDA:0,(anonymous_7)
FNDA:0,(anonymous_8)
DA:11,3
DA:16,3
DA:21,3
DA:26,3
DA:27,0
DA:30,3
DA:31,3
DA:33,0
DA:34,0
DA:35,0
DA:36,0
DA:37,0
DA:38,0
DA:41,0
LF:14
LH:6
BRF:0
BRH:0
end_of_record
TN:
SF:/Users/peterodekwo/Documents/fast-food-frontend/src/actions/auth/signUp.js
FN:12,(anonymous_0)
FN:17,(anonymous_1)
FN:22,(anonymous_2)
FN:27,(anonymous_3)
FN:32,(anonymous_4)
FN:32,(anonymous_5)
FN:36,(anonymous_6)
FN:36,(anonymous_7)
FN:38,(anonymous_8)
FN:46,(anonymous_9)
FNF:10
FNH:2
FNDA:0,(anonymous_0)
FNDA:0,(anonymous_1)
FNDA:0,(anonymous_2)
FNDA:0,(anonymous_3)
FNDA:0,(anonymous_4)
FNDA:0,(anonymous_5)
FNDA:3,(anonymous_6)
FNDA:3,(anonymous_7)
FNDA:0,(anonymous_8)
FNDA:0,(anonymous_9)
DA:12,3
DA:17,3
DA:22,3
DA:27,3
DA:32,3
DA:33,0
DA:36,3
DA:37,3
DA:39,0
DA:40,0
DA:41,0
DA:42,0
DA:43,0
DA:44,0
DA:47,0
LF:15
LH:7
BRF:0
BRH:0
end_of_record
TN:
SF:/Users/peterodekwo/Documents/fast-food-frontend/src/components/Pages/Landing.jsx
FN:5,(anonymous_0)
FNF:1
FNH:1
FNDA:1,(anonymous_0)
DA:6,1
LF:1
LH:1
BRF:0
BRH:0
end_of_record
TN:
SF:/Users/peterodekwo/Documents/fast-food-frontend/src/components/Pages/Menu.jsx
FN:12,(anonymous_0)
FN:16,(anonymous_1)
FN:22,(anonymous_2)
FN:44,(anonymous_3)
FN:48,(anonymous_4)
FNF:5
FNH:0
FNDA:0,(anonymous_0)
FNDA:0,(anonymous_1)
FNDA:0,(anonymous_2)
FNDA:0,(anonymous_3)
FNDA:0,(anonymous_4)
DA:13,0
DA:14,0
DA:17,0
DA:18,0
DA:24,0
DA:39,2
DA:44,2
DA:48,2
LF:8
LH:3
BRF:0
BRH:0
end_of_record
TN:
SF:/Users/peterodekwo/Documents/fast-food-frontend/src/components/Pages/SignIn.jsx
FN:16,(anonymous_0)
FN:32,(anonymous_1)
FN:41,(anonymous_2)
FN:50,(anonymous_3)
FN:121,(anonymous_4)
FN:126,(anonymous_5)
FNF:6
FNH:2
FNDA:3,(anonymous_0)
FNDA:0,(anonymous_1)
FNDA:0,(anonymous_2)
FNDA:9,(anonymous_3)
FNDA:0,(anonymous_4)
FNDA:0,(anonymous_5)
DA:17,3
DA:18,3
DA:19,0
DA:20,0
DA:21,0
DA:26,3
DA:33,0
DA:34,0
DA:35,0
DA:36,0
DA:37,0
DA:42,0
DA:43,0
DA:44,0
DA:47,0
DA:51,9
DA:52,9
DA:54,9
DA:55,0
DA:58,9
DA:115,2
DA:121,2
DA:126,2
LF:23
LH:10
BRDA:18,0,0,0
BRDA:18,0,1,3
BRDA:35,1,0,0
BRDA:35,1,1,0
BRDA:43,2,0,0
BRDA:43,2,1,0
BRDA:54,3,0,0
BRDA:54,3,1,9
BRDA:65,4,0,0
BRDA:65,4,1,9
BRDA:65,5,0,9
BRDA:65,5,1,9
BRF:12
BRH:5
end_of_record
TN:
SF:/Users/peterodekwo/Documents/fast-food-frontend/src/components/Pages/SignUp.jsx
FN:18,(anonymous_0)
FN:34,(anonymous_1)
FN:43,(anonymous_2)
FN:52,(anonymous_3)
FN:147,(anonymous_4)
FN:152,(anonymous_5)
FNF:6
FNH:2
FNDA:2,(anonymous_0)
FNDA:0,(anonymous_1)
FNDA:0,(anonymous_2)
FNDA:7,(anonymous_3)
FNDA:0,(anonymous_4)
FNDA:0,(anonymous_5)
DA:19,2
DA:20,2
DA:21,0
DA:22,0
DA:23,0
DA:28,2
DA:35,0
DA:36,0
DA:37,0
DA:38,0
DA:39,0
DA:44,0
DA:45,0
DA:46,0
DA:49,0
DA:53,7
DA:54,7
DA:56,7
DA:57,0
DA:60,7
DA:141,2
DA:147,2
DA:152,2
LF:23
LH:10
BRDA:20,0,0,0
BRDA:20,0,1,2
BRDA:37,1,0,0
BRDA:37,1,1,0
BRDA:45,2,0,0
BRDA:45,2,1,0
BRDA:56,3,0,0
BRDA:56,3,1,7
BRDA:67,4,0,0
BRDA:67,4,1,7
BRDA:67,5,0,7
BRDA:67,5,1,7
BRF:12
BRH:5
end_of_record
TN:
SF:/Users/peterodekwo/Documents/fast-food-frontend/src/components/Pages/SingleMenuOption.jsx
FN:10,(anonymous_0)
FN:16,(anonymous_1)
FN:21,(anonymous_2)
FN:27,(anonymous_3)
FN:40,(anonymous_4)
FN:41,(anonymous_5)
FN:65,(anonymous_6)
FN:70,(anonymous_7)
FNF:8
FNH:0
FNDA:0,(anonymous_0)
FNDA:0,(anonymous_1)
FNDA:0,(anonymous_2)
FNDA:0,(anonymous_3)
FNDA:0,(anonymous_4)
FNDA:0,(anonymous_5)
FNDA:0,(anonymous_6)
FNDA:0,(anonymous_7)
DA:11,0
DA:12,0
DA:17,0
DA:18,0
DA:22,0
DA:28,0
DA:29,0
DA:40,0
DA:41,0
DA:57,2
DA:65,2
DA:70,2
LF:12
LH:3
BRDA:33,0,0,0
BRDA:33,0,1,0
BRDA:33,0,2,0
BRF:3
BRH:0
end_of_record
TN:
SF:/Users/peterodekwo/Documents/fast-food-frontend/src/components/Pages/ViewOrderHistory.jsx
FN:12,(anonymous_0)
FN:16,(anonymous_1)
FN:32,(anonymous_2)
FN:49,(anonymous_3)
FN:68,(anonymous_4)
FN:73,(anonymous_5)
FNF:6
FNH:0
FNDA:0,(anonymous_0)
FNDA:0,(anonymous_1)
FNDA:0,(anonymous_2)
FNDA:0,(anonymous_3)
FNDA:0,(anonymous_4)
FNDA:0,(anonymous_5)
DA:13,0
DA:14,0
DA:17,0
DA:18,0
DA:19,0
DA:34,0
DA:49,0
DA:63,1
DA:68,1
DA:73,1
LF:10
LH:3
BRF:0
BRH:0
end_of_record
TN:
SF:/Users/peterodekwo/Documents/fast-food-frontend/src/components/UI/footer/Footer.jsx
FN:4,(anonymous_0)
FNF:1
FNH:1
FNDA:1,(anonymous_0)
DA:5,1
LF:1
LH:1
BRF:0
BRH:0
end_of_record
TN:
SF:/Users/peterodekwo/Documents/fast-food-frontend/src/components/UI/header/Header.jsx
FN:14,(anonymous_0)
FN:15,(anonymous_1)
FN:20,(anonymous_2)
FN:61,(anonymous_3)
FNF:4
FNH:0
FNDA:0,(anonymous_0)
FNDA:0,(anonymous_1)
FNDA:0,(anonymous_2)
FNDA:0,(anonymous_3)
DA:15,0
DA:21,0
DA:22,0
DA:56,2
DA:61,2
LF:5
LH:2
BRDA:37,0,0,0
BRDA:37,0,1,0
BRDA:45,1,0,0
BRDA:45,1,1,0
BRF:4
BRH:0
end_of_record
TN:
SF:/Users/peterodekwo/Documents/fast-food-frontend/src/components/UI/navbar/GuestNavigation.jsx
FN:4,(anonymous_0)
FNF:1
FNH:1
FNDA:1,(anonymous_0)
DA:4,3
DA:5,1
LF:2
LH:2
BRF:0
BRH:0
end_of_record
TN:
SF:/Users/peterodekwo/Documents/fast-food-frontend/src/components/UI/navbar/UserNavigation.jsx
FN:9,(anonymous_0)
FN:14,(anonymous_1)
FN:32,(anonymous_2)
FN:36,(anonymous_3)
FNF:4
FNH:2
FNDA:1,(anonymous_0)
FNDA:3,(anonymous_1)
FNDA:0,(anonymous_2)
FNDA:0,(anonymous_3)
DA:10,1
DA:11,1
DA:15,3
DA:16,3
DA:27,3
DA:32,3
DA:36,3
LF:7
LH:7
BRF:0
BRH:0
end_of_record
TN:
SF:/Users/peterodekwo/Documents/fast-food-frontend/src/components/UI/sidebar/Sidebar.jsx
FN:4,(anonymous_0)
FNF:1
FNH:1
FNDA:1,(anonymous_0)
DA:4,3
DA:5,1
DA:15,3
LF:3
LH:3
BRDA:6,0,0,0
BRDA:6,0,1,1
BRF:2
BRH:1
end_of_record
TN:
SF:/Users/peterodekwo/Documents/fast-food-frontend/src/reducers/auth.js
FN:16,(anonymous_0)
FNF:1
FNH:1
FNDA:9,(anonymous_0)
DA:10,1
DA:17,9
DA:19,5
DA:26,3
DA:34,0
DA:41,0
DA:46,1
DA:50,0
LF:8
LH:5
BRDA:16,0,0,5
BRDA:17,1,0,5
BRDA:17,1,1,3
BRDA:17,1,2,0
BRDA:17,1,3,0
BRDA:17,1,4,1
BRDA:17,1,5,0
BRF:7
BRH:4
end_of_record
TN:
SF:/Users/peterodekwo/Documents/fast-food-frontend/src/reducers/menuReducer.js
FN:9,(anonymous_0)
FNF:1
FNH:1
FNDA:3,(anonymous_0)
DA:3,1
DA:10,3
DA:12,3
DA:18,0
DA:24,0
DA:29,0
LF:6
LH:3
BRDA:9,0,0,3
BRDA:10,1,0,3
BRDA:10,1,1,0
BRDA:10,1,2,0
BRDA:10,1,3,0
BRF:5
BRH:2
end_of_record
TN:
SF:/Users/peterodekwo/Documents/fast-food-frontend/src/reducers/placeOrderReducer.js
FN:12,(anonymous_0)
FNF:1
FNH:1
FNDA:6,(anonymous_0)
DA:7,1
DA:13,6
DA:15,4
DA:21,2
DA:26,0
LF:5
LH:4
BRDA:12,0,0,4
BRDA:13,1,0,4
BRDA:13,1,1,2
BRDA:13,1,2,0
BRF:4
BRH:3
end_of_record
TN:
SF:/Users/peterodekwo/Documents/fast-food-frontend/src/reducers/viewOrderHistory.js
FN:8,(anonymous_0)
FN:24,(anonymous_1)
FNF:2
FNH:1
FNDA:3,(anonymous_0)
FNDA:0,(anonymous_1)
DA:3,1
DA:9,3
DA:11,2
DA:17,1
DA:22,0
DA:24,0
DA:26,0
LF:7
LH:4
BRDA:8,0,0,3
BRDA:9,1,0,2
BRDA:9,1,1,1
BRDA:9,1,2,0
BRDA:9,1,3,0
BRF:5
BRH:3
end_of_record
TN:
SF:/Users/peterodekwo/Documents/fast-food-frontend/src/routes/routes.jsx
FN:13,(anonymous_0)
FNF:1
FNH:0
FNDA:0,(anonymous_0)
DA:13,1
DA:14,0
LF:2
LH:1
BRF:0
BRH:0
end_of_record
