TN:
SF:/Users/peterodekwo/Documents/fast-food-frontend/src/App.jsx
FN:8,(anonymous_0)
FNF:1
FNH:1
FNDA:1,(anonymous_0)
DA:9,1
LF:1
LH:1
BRF:0
BRH:0
end_of_record
TN:
SF:/Users/peterodekwo/Documents/fast-food-frontend/src/actions/cancelOrder.js
FN:5,(anonymous_0)
FN:9,(anonymous_1)
FN:14,(anonymous_2)
FN:14,(anonymous_3)
FN:16,(anonymous_4)
FN:19,(anonymous_5)
FNF:6
FNH:2
FNDA:0,(anonymous_0)
FNDA:0,(anonymous_1)
FNDA:4,(anonymous_2)
FNDA:4,(anonymous_3)
FNDA:0,(anonymous_4)
FNDA:0,(anonymous_5)
DA:5,3
DA:9,3
DA:14,4
DA:15,4
DA:17,0
DA:20,0
LF:6
LH:4
BRF:0
BRH:0
end_of_record
TN:
SF:/Users/peterodekwo/Documents/fast-food-frontend/src/actions/getSingleMenu.js
FN:4,(anonymous_0)
FN:8,(anonymous_1)
FN:13,(anonymous_2)
FN:13,(anonymous_3)
FN:15,(anonymous_4)
FN:18,(anonymous_5)
FNF:6
FNH:2
FNDA:0,(anonymous_0)
FNDA:0,(anonymous_1)
FNDA:3,(anonymous_2)
FNDA:3,(anonymous_3)
FNDA:0,(anonymous_4)
FNDA:0,(anonymous_5)
DA:4,3
DA:8,3
DA:13,3
DA:14,3
DA:16,0
DA:19,0
LF:6
LH:4
BRF:0
BRH:0
end_of_record
TN:
SF:/Users/peterodekwo/Documents/fast-food-frontend/src/actions/menu.js
FN:4,(anonymous_0)
FN:8,(anonymous_1)
FN:13,(anonymous_2)
FN:13,(anonymous_3)
FN:15,(anonymous_4)
FN:18,(anonymous_5)
FNF:6
FNH:2
FNDA:0,(anonymous_0)
FNDA:0,(anonymous_1)
FNDA:2,(anonymous_2)
FNDA:2,(anonymous_3)
FNDA:0,(anonymous_4)
FNDA:0,(anonymous_5)
DA:4,3
DA:8,3
DA:13,3
DA:14,2
DA:16,0
DA:20,0
LF:6
LH:4
BRF:0
BRH:0
end_of_record
TN:
SF:/Users/peterodekwo/Documents/fast-food-frontend/src/actions/placeOrder.js
FN:5,(anonymous_0)
FN:10,(anonymous_1)
FN:15,(anonymous_2)
FN:15,(anonymous_3)
FN:18,(anonymous_4)
FN:23,(anonymous_5)
FNF:6
FNH:6
FNDA:1,(anonymous_0)
FNDA:2,(anonymous_1)
FNDA:4,(anonymous_2)
FNDA:4,(anonymous_3)
FNDA:1,(anonymous_4)
FNDA:3,(anonymous_5)
DA:5,3
DA:10,3
DA:15,4
DA:16,4
DA:17,4
DA:19,1
DA:20,1
DA:21,1
DA:24,3
DA:25,2
DA:26,2
DA:27,2
LF:12
LH:12
BRDA:24,0,0,0
BRDA:24,0,1,2
BRDA:25,1,0,1
BRDA:25,1,1,1
BRF:4
BRH:3
end_of_record
TN:
SF:/Users/peterodekwo/Documents/fast-food-frontend/src/actions/types.js
FNF:0
FNH:0
DA:1,21
DA:2,21
DA:3,21
DA:4,21
DA:5,21
DA:6,21
DA:7,21
DA:8,21
DA:9,21
DA:10,21
DA:11,21
DA:12,21
DA:13,21
DA:14,21
DA:15,21
DA:16,21
DA:17,21
DA:18,21
DA:19,21
DA:20,21
DA:21,21
DA:22,21
DA:23,21
DA:24,21
DA:25,21
DA:26,21
DA:27,21
DA:28,21
DA:29,21
DA:30,21
DA:31,21
DA:32,21
DA:33,21
DA:34,21
DA:35,21
DA:36,21
LF:36
LH:36
BRF:0
BRH:0
end_of_record
TN:
SF:/Users/peterodekwo/Documents/fast-food-frontend/src/actions/viewOrderHistory.js
FN:4,(anonymous_0)
FN:8,(anonymous_1)
FN:13,(anonymous_2)
FN:13,(anonymous_3)
FN:15,(anonymous_4)
FN:18,(anonymous_5)
FNF:6
FNH:2
FNDA:0,(anonymous_0)
FNDA:0,(anonymous_1)
FNDA:3,(anonymous_2)
FNDA:3,(anonymous_3)
FNDA:0,(anonymous_4)
FNDA:0,(anonymous_5)
DA:4,3
DA:8,3
DA:13,3
DA:14,3
DA:16,0
DA:19,0
LF:6
LH:4
BRF:0
BRH:0
end_of_record
TN:
SF:/Users/peterodekwo/Documents/fast-food-frontend/src/actions/auth/logout.js
FN:4,(anonymous_0)
FN:8,(anonymous_1)
FN:8,(anonymous_2)
FNF:3
FNH:3
FNDA:1,(anonymous_0)
FNDA:1,(anonymous_1)
FNDA:1,(anonymous_2)
DA:4,5
DA:8,5
DA:9,1
DA:10,1
LF:4
LH:4
BRF:0
BRH:0
end_of_record
TN:
SF:/Users/peterodekwo/Documents/fast-food-frontend/src/actions/auth/signIn.js
FN:11,(anonymous_0)
FN:16,(anonymous_1)
FN:22,(anonymous_2)
FN:22,(anonymous_3)
FN:24,(anonymous_4)
FN:29,(anonymous_5)
FNF:6
FNH:5
FNDA:0,(anonymous_0)
FNDA:2,(anonymous_1)
FNDA:4,(anonymous_2)
FNDA:4,(anonymous_3)
FNDA:1,(anonymous_4)
FNDA:3,(anonymous_5)
DA:11,3
DA:16,3
DA:22,4
DA:23,4
DA:25,1
DA:26,0
DA:27,0
DA:30,3
LF:8
LH:6
BRF:0
BRH:0
end_of_record
TN:
SF:/Users/peterodekwo/Documents/fast-food-frontend/src/actions/auth/signUp.js
FN:12,(anonymous_0)
FN:17,(anonymous_1)
FN:22,(anonymous_2)
FN:27,(anonymous_3)
FN:27,(anonymous_4)
FN:29,(anonymous_5)
FN:33,(anonymous_6)
FNF:7
FNH:4
FNDA:0,(anonymous_0)
FNDA:3,(anonymous_1)
FNDA:0,(anonymous_2)
FNDA:4,(anonymous_3)
FNDA:4,(anonymous_4)
FNDA:0,(anonymous_5)
FNDA:3,(anonymous_6)
DA:12,3
DA:17,3
DA:22,3
DA:27,4
DA:28,4
DA:30,0
DA:31,0
DA:34,3
LF:8
LH:6
BRF:0
BRH:0
end_of_record
TN:
SF:/Users/peterodekwo/Documents/fast-food-frontend/src/components/Pages/Landing.jsx
FN:9,(anonymous_0)
FNF:1
FNH:1
FNDA:1,(anonymous_0)
DA:10,1
LF:1
LH:1
BRF:0
BRH:0
end_of_record
TN:
SF:/Users/peterodekwo/Documents/fast-food-frontend/src/components/Pages/Menu.jsx
FN:13,(anonymous_0)
FN:16,(anonymous_1)
FN:21,(anonymous_2)
FN:43,(anonymous_3)
FN:47,(anonymous_4)
FNF:5
FNH:0
FNDA:0,(anonymous_0)
FNDA:0,(anonymous_1)
FNDA:0,(anonymous_2)
FNDA:0,(anonymous_3)
FNDA:0,(anonymous_4)
DA:14,0
DA:17,0
DA:23,0
DA:38,2
DA:43,2
DA:47,2
LF:6
LH:3
BRF:0
BRH:0
end_of_record
TN:
SF:/Users/peterodekwo/Documents/fast-food-frontend/src/components/Pages/NotFound.jsx
FN:3,(anonymous_0)
FNF:1
FNH:1
FNDA:1,(anonymous_0)
DA:3,2
DA:4,1
LF:2
LH:2
BRF:0
BRH:0
end_of_record
TN:
SF:/Users/peterodekwo/Documents/fast-food-frontend/src/components/Pages/SignIn.jsx
FN:17,(anonymous_0)
FN:33,(anonymous_1)
FN:41,(anonymous_2)
FN:48,(anonymous_3)
FN:72,(anonymous_4)
FN:77,(anonymous_5)
FNF:6
FNH:2
FNDA:3,(anonymous_0)
FNDA:0,(anonymous_1)
FNDA:0,(anonymous_2)
FNDA:8,(anonymous_3)
FNDA:0,(anonymous_4)
FNDA:0,(anonymous_5)
DA:18,3
DA:19,3
DA:20,0
DA:21,0
DA:22,0
DA:27,3
DA:34,0
DA:35,0
DA:36,0
DA:37,0
DA:42,0
DA:43,0
DA:45,0
DA:49,8
DA:51,8
DA:66,2
DA:72,2
DA:77,2
LF:18
LH:8
BRDA:19,0,0,0
BRDA:19,0,1,3
BRDA:35,1,0,0
BRDA:35,1,1,0
BRDA:43,2,0,0
BRDA:43,2,1,0
BRDA:49,3,0,0
BRDA:49,3,1,8
BRF:8
BRH:2
end_of_record
TN:
SF:/Users/peterodekwo/Documents/fast-food-frontend/src/components/Pages/SignUp.jsx
FN:19,(anonymous_0)
FN:35,(anonymous_1)
FN:44,(anonymous_2)
FN:51,(anonymous_3)
FN:77,(anonymous_4)
FN:82,(anonymous_5)
FNF:6
FNH:2
FNDA:2,(anonymous_0)
FNDA:0,(anonymous_1)
FNDA:0,(anonymous_2)
FNDA:6,(anonymous_3)
FNDA:0,(anonymous_4)
FNDA:0,(anonymous_5)
DA:20,2
DA:21,2
DA:22,0
DA:23,0
DA:24,0
DA:29,2
DA:36,0
DA:37,0
DA:38,0
DA:39,0
DA:40,0
DA:45,0
DA:46,0
DA:48,0
DA:52,6
DA:54,6
DA:56,6
DA:71,2
DA:77,2
DA:82,2
LF:20
LH:9
BRDA:21,0,0,0
BRDA:21,0,1,2
BRDA:38,1,0,0
BRDA:38,1,1,0
BRDA:46,2,0,0
BRDA:46,2,1,0
BRDA:54,3,0,0
BRDA:54,3,1,6
BRF:8
BRH:2
end_of_record
TN:
SF:/Users/peterodekwo/Documents/fast-food-frontend/src/components/Pages/SingleMenuOption.jsx
FN:11,(anonymous_0)
FN:17,(anonymous_1)
FN:22,(anonymous_2)
FN:28,(anonymous_3)
FN:41,(anonymous_4)
FN:42,(anonymous_5)
FN:66,(anonymous_6)
FN:71,(anonymous_7)
FNF:8
FNH:0
FNDA:0,(anonymous_0)
FNDA:0,(anonymous_1)
FNDA:0,(anonymous_2)
FNDA:0,(anonymous_3)
FNDA:0,(anonymous_4)
FNDA:0,(anonymous_5)
FNDA:0,(anonymous_6)
FNDA:0,(anonymous_7)
DA:12,0
DA:13,0
DA:18,0
DA:19,0
DA:23,0
DA:29,0
DA:30,0
DA:41,0
DA:42,0
DA:58,2
DA:66,2
DA:71,2
LF:12
LH:3
BRDA:34,0,0,0
BRDA:34,0,1,0
BRDA:34,0,2,0
BRF:3
BRH:0
end_of_record
TN:
SF:/Users/peterodekwo/Documents/fast-food-frontend/src/components/Pages/ViewOrderHistory.jsx
FN:13,(anonymous_0)
FN:16,(anonymous_1)
FN:46,(anonymous_2)
FN:51,(anonymous_3)
FNF:4
FNH:0
FNDA:0,(anonymous_0)
FNDA:0,(anonymous_1)
FNDA:0,(anonymous_2)
FNDA:0,(anonymous_3)
DA:14,0
DA:17,0
DA:40,2
DA:46,2
DA:51,2
LF:5
LH:3
BRDA:21,0,0,0
BRDA:21,0,1,0
BRF:2
BRH:0
end_of_record
TN:
SF:/Users/peterodekwo/Documents/fast-food-frontend/src/components/UI/error/ErrorMessage.jsx
FN:4,(anonymous_0)
FNF:1
FNH:1
FNDA:1,(anonymous_0)
DA:4,6
DA:6,1
DA:12,6
LF:3
LH:3
BRF:0
BRH:0
end_of_record
TN:
SF:/Users/peterodekwo/Documents/fast-food-frontend/src/components/UI/footer/Footer.jsx
FN:4,(anonymous_0)
FNF:1
FNH:1
FNDA:1,(anonymous_0)
DA:5,1
LF:1
LH:1
BRF:0
BRH:0
end_of_record
TN:
SF:/Users/peterodekwo/Documents/fast-food-frontend/src/components/UI/form/SignInForm.jsx
FN:7,(anonymous_0)
FNF:1
FNH:1
FNDA:2,(anonymous_0)
DA:7,3
DA:8,2
DA:10,2
DA:60,3
LF:4
LH:4
BRDA:15,0,0,0
BRDA:15,0,1,2
BRDA:15,1,0,2
BRDA:15,1,1,2
BRDA:35,2,0,2
BRDA:35,2,1,0
BRDA:35,3,0,2
BRDA:35,3,1,2
BRDA:49,4,0,2
BRDA:49,4,1,0
BRDA:49,5,0,2
BRDA:49,5,1,2
BRF:12
BRH:9
end_of_record
TN:
SF:/Users/peterodekwo/Documents/fast-food-frontend/src/components/UI/form/SignUpForm.jsx
FN:7,(anonymous_0)
FNF:1
FNH:1
FNDA:2,(anonymous_0)
DA:7,3
DA:8,2
DA:9,2
DA:83,3
LF:4
LH:4
BRDA:14,0,0,0
BRDA:14,0,1,2
BRDA:14,1,0,2
BRDA:14,1,1,2
BRDA:33,2,0,2
BRDA:33,2,1,0
BRDA:33,3,0,2
BRDA:33,3,1,2
BRDA:46,4,0,2
BRDA:46,4,1,0
BRDA:46,5,0,2
BRDA:46,5,1,2
BRDA:59,6,0,2
BRDA:59,6,1,0
BRDA:59,7,0,2
BRDA:59,7,1,2
BRDA:72,8,0,2
BRDA:72,8,1,0
BRDA:72,9,0,2
BRDA:72,9,1,2
BRF:20
BRH:15
end_of_record
TN:
SF:/Users/peterodekwo/Documents/fast-food-frontend/src/components/UI/header/Header.jsx
FN:15,(anonymous_0)
FN:16,(anonymous_1)
FN:21,(anonymous_2)
FN:61,(anonymous_3)
FNF:4
FNH:0
FNDA:0,(anonymous_0)
FNDA:0,(anonymous_1)
FNDA:0,(anonymous_2)
FNDA:0,(anonymous_3)
DA:16,0
DA:22,0
DA:56,2
DA:61,2
LF:4
LH:2
BRDA:37,0,0,0
BRDA:37,0,1,0
BRDA:45,1,0,0
BRDA:45,1,1,0
BRF:4
BRH:0
end_of_record
TN:
SF:/Users/peterodekwo/Documents/fast-food-frontend/src/components/UI/input/TextInput.jsx
FN:4,(anonymous_0)
FNF:1
FNH:1
FNDA:3,(anonymous_0)
DA:4,6
DA:5,3
DA:6,3
DA:22,6
LF:4
LH:4
BRF:0
BRH:0
end_of_record
TN:
SF:/Users/peterodekwo/Documents/fast-food-frontend/src/components/UI/navbar/GuestNavigation.jsx
FN:4,(anonymous_0)
FNF:1
FNH:1
FNDA:1,(anonymous_0)
DA:4,4
DA:5,1
LF:2
LH:2
BRF:0
BRH:0
end_of_record
TN:
SF:/Users/peterodekwo/Documents/fast-food-frontend/src/components/UI/navbar/UserNavigation.jsx
FN:9,(anonymous_0)
FN:14,(anonymous_1)
FN:32,(anonymous_2)
FN:36,(anonymous_3)
FNF:4
FNH:2
FNDA:1,(anonymous_0)
FNDA:3,(anonymous_1)
FNDA:0,(anonymous_2)
FNDA:0,(anonymous_3)
DA:10,1
DA:11,1
DA:15,3
DA:16,3
DA:27,3
DA:32,3
DA:36,3
LF:7
LH:7
BRF:0
BRH:0
end_of_record
TN:
SF:/Users/peterodekwo/Documents/fast-food-frontend/src/components/UI/sidebar/Sidebar.jsx
FN:9,(anonymous_0)
FN:35,(anonymous_1)
FN:39,(anonymous_2)
FNF:3
FNH:0
FNDA:0,(anonymous_0)
FNDA:0,(anonymous_1)
FNDA:0,(anonymous_2)
DA:9,3
DA:10,0
DA:28,3
DA:35,3
DA:39,3
LF:5
LH:4
BRDA:11,0,0,0
BRDA:11,0,1,0
BRDA:13,1,0,0
BRDA:13,1,1,0
BRF:4
BRH:0
end_of_record
TN:
SF:/Users/peterodekwo/Documents/fast-food-frontend/src/components/UI/table/TableCell.jsx
FN:4,(anonymous_0)
FNF:1
FNH:1
FNDA:3,(anonymous_0)
DA:4,4
DA:5,3
DA:6,3
DA:7,3
DA:14,4
LF:5
LH:5
BRF:0
BRH:0
end_of_record
TN:
SF:/Users/peterodekwo/Documents/fast-food-frontend/src/components/UI/table/TableRow.jsx
FN:6,(anonymous_0)
FN:10,(anonymous_1)
FN:18,(anonymous_2)
FNF:3
FNH:1
FNDA:3,(anonymous_0)
FNDA:0,(anonymous_1)
FNDA:0,(anonymous_2)
DA:6,3
DA:7,3
DA:8,3
DA:12,0
DA:18,0
DA:29,3
LF:6
LH:4
BRDA:10,0,0,3
BRDA:10,0,1,0
BRF:2
BRH:1
end_of_record
TN:
SF:/Users/peterodekwo/Documents/fast-food-frontend/src/reducers/auth.js
FN:14,(anonymous_0)
FNF:1
FNH:1
FNDA:11,(anonymous_0)
DA:8,1
DA:15,11
DA:17,6
DA:24,3
DA:32,1
DA:36,1
LF:6
LH:6
BRDA:14,0,0,7
BRDA:15,1,0,6
BRDA:15,1,1,3
BRDA:15,1,2,1
BRDA:15,1,3,1
BRF:5
BRH:5
end_of_record
TN:
SF:/Users/peterodekwo/Documents/fast-food-frontend/src/reducers/menuReducer.js
FN:9,(anonymous_0)
FNF:1
FNH:1
FNDA:6,(anonymous_0)
DA:3,1
DA:10,6
DA:12,3
DA:18,3
DA:23,0
DA:29,0
DA:34,0
LF:7
LH:4
BRDA:9,0,0,6
BRDA:10,1,0,3
BRDA:10,1,1,3
BRDA:10,1,2,0
BRDA:10,1,3,0
BRDA:10,1,4,0
BRF:6
BRH:3
end_of_record
TN:
SF:/Users/peterodekwo/Documents/fast-food-frontend/src/reducers/placeOrderReducer.js
FN:12,(anonymous_0)
FNF:1
FNH:1
FNDA:6,(anonymous_0)
DA:7,1
DA:13,6
DA:15,4
DA:21,2
DA:26,0
LF:5
LH:4
BRDA:12,0,0,4
BRDA:13,1,0,4
BRDA:13,1,1,2
BRDA:13,1,2,0
BRF:4
BRH:3
end_of_record
TN:
SF:/Users/peterodekwo/Documents/fast-food-frontend/src/reducers/viewOrderHistory.js
FN:8,(anonymous_0)
FN:24,(anonymous_1)
FNF:2
FNH:1
FNDA:5,(anonymous_0)
FNDA:0,(anonymous_1)
DA:3,1
DA:9,5
DA:11,2
DA:17,1
DA:22,1
DA:24,0
DA:26,1
LF:7
LH:6
BRDA:8,0,0,5
BRDA:9,1,0,2
BRDA:9,1,1,1
BRDA:9,1,2,1
BRDA:9,1,3,1
BRF:5
BRH:5
end_of_record
TN:
SF:/Users/peterodekwo/Documents/fast-food-frontend/src/routes/routes.jsx
FN:14,(anonymous_0)
FNF:1
FNH:0
FNDA:0,(anonymous_0)
DA:14,1
DA:15,0
LF:2
LH:1
BRF:0
BRH:0
end_of_record
